<?xml version="1.0" encoding="UTF-8"?>
<testng-results ignored="0" total="1" passed="1" failed="0" skipped="0">
  <reporter-output>
  </reporter-output>
  <suite started-at="2026-01-31T09:32:45 IST" name="Surefire suite" finished-at="2026-01-31T09:32:59 IST" duration-ms="14641">
    <groups>
    </groups>
    <test started-at="2026-01-31T09:32:45 IST" name="Surefire test" finished-at="2026-01-31T09:32:59 IST" duration-ms="14641">
      <class name="tests.LoginTest">
        <test-method is-config="true" signature="startReport()[pri:0, instance:tests.LoginTest@6a28ffa4]" started-at="2026-01-31T09:32:45 IST" name="startReport" finished-at="2026-01-31T09:32:45 IST" duration-ms="238" status="PASS">
          <reporter-output>
          </reporter-output>
        </test-method> <!-- startReport -->
        <test-method is-config="true" signature="setUp(java.lang.reflect.Method)[pri:0, instance:tests.LoginTest@6a28ffa4]" started-at="2026-01-31T09:32:45 IST" name="setUp" finished-at="2026-01-31T09:32:52 IST" duration-ms="7083" status="PASS">
          <params>
            <param index="0">
              <value>
                <![CDATA[public void tests.LoginTest.loginTest()]]>
              </value>
            </param>
          </params>
          <reporter-output>
          </reporter-output>
        </test-method> <!-- setUp -->
        <test-method signature="loginTest()[pri:0, instance:tests.LoginTest@6a28ffa4]" started-at="2026-01-31T09:32:52 IST" name="loginTest" finished-at="2026-01-31T09:32:59 IST" duration-ms="7285" status="PASS">
          <reporter-output>
          </reporter-output>
        </test-method> <!-- loginTest -->
        <test-method is-config="true" signature="tearDown(org.testng.ITestResult)[pri:0, instance:tests.LoginTest@6a28ffa4]" started-at="2026-01-31T09:32:59 IST" name="tearDown" finished-at="2026-01-31T09:32:59 IST" duration-ms="233" status="PASS">
          <params>
            <param index="0">
              <value>
                <![CDATA[[TestResult name=loginTest status=SUCCESS method=LoginTest.loginTest()[pri:0, instance:tests.LoginTest@6a28ffa4] output={null}]]]>
              </value>
            </param>
          </params>
          <reporter-output>
          </reporter-output>
        </test-method> <!-- tearDown -->
        <test-method is-config="true" signature="endReport()[pri:0, instance:tests.LoginTest@6a28ffa4]" started-at="2026-01-31T09:32:59 IST" name="endReport" finished-at="2026-01-31T09:33:00 IST" duration-ms="356" status="PASS">
          <reporter-output>
          </reporter-output>
        </test-method> <!-- endReport -->
      </class> <!-- tests.LoginTest -->
    </test> <!-- Surefire test -->
  </suite> <!-- Surefire suite -->
</testng-results>
