<?xml version="1.0" encoding="UTF-8"?>
<testng-results ignored="0" total="1" passed="1" failed="0" skipped="0">
  <reporter-output>
  </reporter-output>
  <suite started-at="2026-01-31T17:47:39 IST" name="Surefire suite" finished-at="2026-01-31T17:47:50 IST" duration-ms="10999">
    <groups>
    </groups>
    <test started-at="2026-01-31T17:47:39 IST" name="Surefire test" finished-at="2026-01-31T17:47:50 IST" duration-ms="10999">
      <class name="tests.LoginTest">
        <test-method is-config="true" signature="beforeSuite()[pri:0, instance:tests.LoginTest@6a28ffa4]" started-at="2026-01-31T17:47:39 IST" name="beforeSuite" finished-at="2026-01-31T17:47:39 IST" duration-ms="252" status="PASS">
          <reporter-output>
          </reporter-output>
        </test-method> <!-- beforeSuite -->
        <test-method is-config="true" signature="setUp()[pri:0, instance:tests.LoginTest@6a28ffa4]" started-at="2026-01-31T17:47:39 IST" name="setUp" finished-at="2026-01-31T17:47:46 IST" duration-ms="6584" status="PASS">
          <reporter-output>
          </reporter-output>
        </test-method> <!-- setUp -->
        <test-method signature="loginTest()[pri:0, instance:tests.LoginTest@6a28ffa4]" started-at="2026-01-31T17:47:46 IST" name="loginTest" finished-at="2026-01-31T17:47:50 IST" duration-ms="4113" status="PASS">
          <reporter-output>
          </reporter-output>
        </test-method> <!-- loginTest -->
        <test-method is-config="true" signature="tearDown(org.testng.ITestResult)[pri:0, instance:tests.LoginTest@6a28ffa4]" started-at="2026-01-31T17:47:50 IST" name="tearDown" finished-at="2026-01-31T17:47:50 IST" duration-ms="265" status="PASS">
          <params>
            <param index="0">
              <value>
                <![CDATA[[TestResult name=loginTest status=SUCCESS method=LoginTest.loginTest()[pri:0, instance:tests.LoginTest@6a28ffa4] output={null}]]]>
              </value>
            </param>
          </params>
          <reporter-output>
          </reporter-output>
        </test-method> <!-- tearDown -->
        <test-method is-config="true" signature="afterSuite()[pri:0, instance:tests.LoginTest@6a28ffa4]" started-at="2026-01-31T17:47:50 IST" name="afterSuite" finished-at="2026-01-31T17:47:51 IST" duration-ms="1026" status="PASS">
          <reporter-output>
          </reporter-output>
        </test-method> <!-- afterSuite -->
      </class> <!-- tests.LoginTest -->
    </test> <!-- Surefire test -->
  </suite> <!-- Surefire suite -->
</testng-results>
