<?xml version="1.0" encoding="UTF-8"?>
<testng-results ignored="0" total="1" passed="1" failed="0" skipped="0">
  <reporter-output>
  </reporter-output>
  <suite started-at="2026-01-31T09:21:52 IST" name="Hybrid Framework Suite" finished-at="2026-01-31T09:22:03 IST" duration-ms="11042">
    <groups>
    </groups>
    <test started-at="2026-01-31T09:21:52 IST" name="Login Tests" finished-at="2026-01-31T09:22:03 IST" duration-ms="11042">
      <class name="tests.LoginTest">
        <test-method is-config="true" signature="setUp()[pri:0, instance:tests.LoginTest@5c86dbc5]" started-at="2026-01-31T09:21:52 IST" name="setUp" finished-at="2026-01-31T09:21:58 IST" duration-ms="6344" status="PASS">
          <reporter-output>
          </reporter-output>
        </test-method> <!-- setUp -->
        <test-method signature="loginTest()[pri:0, instance:tests.LoginTest@5c86dbc5]" started-at="2026-01-31T09:21:58 IST" name="loginTest" finished-at="2026-01-31T09:22:03 IST" duration-ms="4456" status="PASS">
          <reporter-output>
          </reporter-output>
        </test-method> <!-- loginTest -->
        <test-method is-config="true" signature="tearDown()[pri:0, instance:tests.LoginTest@5c86dbc5]" started-at="2026-01-31T09:22:03 IST" name="tearDown" finished-at="2026-01-31T09:22:03 IST" duration-ms="200" status="PASS">
          <reporter-output>
          </reporter-output>
        </test-method> <!-- tearDown -->
      </class> <!-- tests.LoginTest -->
    </test> <!-- Login Tests -->
  </suite> <!-- Hybrid Framework Suite -->
</testng-results>
